# do {encode_TB_compile.do}
# ** Warning: (vlib-34) Library already exists at "modelsim_lib/work".
# ** Warning: (vlib-34) Library already exists at "modelsim_lib/msim".
# ** Warning: (vlib-34) Library already exists at "modelsim_lib/msim/xil_defaultlib".
# Model Technology ModelSim SE-64 vmap 10.5 Lib Mapping Utility 2016.02 Feb 13 2016
# vmap xil_defaultlib modelsim_lib/msim/xil_defaultlib 
# Modifying D:\xilinx\Xlib\modelsim.ini
# ** Warning: (vlog-159) Mode option -64 is not supported in this context and will be ignored.
# Model Technology ModelSim SE-64 vlog 10.5 Compiler 2016.02 Feb 13 2016
# Start time: 17:30:58 on Apr 10,2024
# vlog -64 -incr -work xil_defaultlib "+incdir+../../../../encode_ex.srcs/sources_1/ip/clk_wiz_0" ../../../../encode_ex.srcs/sources_1/ip/ila_0/sim/ila_0.v ../../../../encode_ex.srcs/sources_1/ip/ila_1/sim/ila_1.v ../../../../encode_ex.srcs/sources_1/ip/H4/sim/H4.v ../../../../encode_ex.srcs/sources_1/ip/H3/sim/H3.v ../../../../encode_ex.srcs/sources_1/ip/H2/sim/H2.v ../../../../encode_ex.srcs/sources_1/ip/H1/sim/H1.v ../../../../encode_ex.srcs/sources_1/ip/rd_fifo/sim/rd_fifo.v ../../../../encode_ex.srcs/sources_1/ip/wr_fifo/sim/wr_fifo.v ../../../../encode_ex.srcs/sources_1/ip/fifo_generator_0/sim/fifo_generator_0.v ../../../../encode_ex.srcs/sources_1/ip/clk_wiz_0/clk_wiz_0_clk_wiz.v ../../../../encode_ex.srcs/sources_1/ip/clk_wiz_0/clk_wiz_0.v ../../../../encode_ex.srcs/sources_1/ip/encode/encode/example_design/encode_tx_startup_fsm.v ../../../../encode_ex.srcs/sources_1/ip/encode/encode/example_design/encode_rx_startup_fsm.v ../../../../encode_ex.srcs/sources_1/ip/encode/encode_init.v ../../../../encode_ex.srcs/sources_1/ip/encode/encode_cpll_railing.v ../../../../encode_ex.srcs/sources_1/ip/encode/encode_gt.v ../../../../encode_ex.srcs/sources_1/ip/encode/encode_multi_gt.v ../../../../encode_ex.srcs/sources_1/ip/encode/encode/example_design/encode_sync_block.v ../../../../encode_ex.srcs/sources_1/ip/encode/encode.v ../../../../encode_ex.srcs/sources_1/imports/example_design/support/encode_common.v ../../../../encode_ex.srcs/sources_1/imports/example_design/support/encode_common_reset.v ../../../../encode_ex.srcs/sources_1/imports/example_design/encode_exdes.v ../../../../encode_ex.srcs/sources_1/imports/example_design/encode_gt_frame_gen.v ../../../../encode_ex.srcs/sources_1/imports/example_design/support/encode_gt_usrclk_source.v ../../../../encode_ex.srcs/sources_1/new/encode_p.v ../../../../encode_ex.srcs/sources_1/imports/example_design/support/encode_support.v ../../../../encode_ex.srcs/sources_1/new/fifo_control.v ../../../../encode_ex.srcs/sources_1/new/ldpc_control.v ../../../../encode_ex.srcs/sim_1/imports/simulation/encode_tb.v 
# -- Skipping module ila_0
# -- Skipping module ila_1
# -- Skipping module H4
# -- Skipping module H3
# -- Skipping module H2
# -- Skipping module H1
# -- Skipping module rd_fifo
# -- Skipping module wr_fifo
# -- Skipping module fifo_generator_0
# -- Skipping module clk_wiz_0_clk_wiz
# -- Skipping module clk_wiz_0
# -- Skipping module encode_TX_STARTUP_FSM
# -- Skipping module encode_RX_STARTUP_FSM
# -- Skipping module encode_init
# -- Skipping module encode_cpll_railing
# -- Skipping module encode_GT
# -- Skipping module encode_multi_gt
# -- Skipping module encode_sync_block
# -- Skipping module encode
# -- Skipping module encode_common
# -- Skipping module encode_common_reset
# -- Skipping module encode_exdes
# -- Skipping module encode_GT_FRAME_GEN
# -- Skipping module encode_GT_USRCLK_SOURCE
# -- Skipping module encode_p
# -- Skipping module encode_support
# -- Skipping module fifi_control
# -- Compiling module ldpc_control
# -- Skipping module encode_TB
# 
# Top level modules:
# 	encode_TB
# End time: 17:30:58 on Apr 10,2024, Elapsed time: 0:00:00
# Errors: 0, Warnings: 1
# Model Technology ModelSim SE-64 vlog 10.5 Compiler 2016.02 Feb 13 2016
# Start time: 17:30:58 on Apr 10,2024
# vlog -work xil_defaultlib glbl.v 
# -- Compiling module glbl
# 
# Top level modules:
# 	glbl
# End time: 17:30:58 on Apr 10,2024, Elapsed time: 0:00:00
# Errors: 0, Warnings: 0
